[INFO] Scanning for projects...
[INFO] 
[INFO] ------------------------< com.cdac:ai-service >-------------------------
[INFO] Building ai-service 0.0.1-SNAPSHOT
[INFO]   from pom.xml
[INFO] --------------------------------[ jar ]---------------------------------
[INFO] 
[INFO] >>> spring-boot:3.4.0:run (default-cli) > test-compile @ ai-service >>>
[INFO] 
[INFO] --- resources:3.3.1:resources (default-resources) @ ai-service ---
[INFO] Copying 1 resource from src\main\resources to target\classes
[INFO] Copying 8 resources from src\main\resources to target\classes
[INFO] 
[INFO] --- compiler:3.13.0:compile (default-compile) @ ai-service ---
[INFO] Nothing to compile - all classes are up to date.
[INFO] 
[INFO] --- resources:3.3.1:testResources (default-testResources) @ ai-service ---
[INFO] skip non existing resourceDirectory D:\Discoursify_Microservices\backend\ai-service\src\test\resources
[INFO] 
[INFO] --- compiler:3.13.0:testCompile (default-testCompile) @ ai-service ---
[INFO] No sources to compile
[INFO] 
[INFO] <<< spring-boot:3.4.0:run (default-cli) < test-compile @ ai-service <<<
[INFO] 
[INFO] 
[INFO] --- spring-boot:3.4.0:run (default-cli) @ ai-service ---
[INFO] Attaching agents: []

  .   ____          _            __ _ _
 /\\ / ___'_ __ _ _(_)_ __  __ _ \ \ \ \
( ( )\___ | '_ | '_| | '_ \/ _` | \ \ \ \
 \\/  ___)| |_)| | | | | || (_| |  ) ) ) )
  '  |____| .__|_| |_|_| |_\__, | / / / /
 =========|_|==============|___/=/_/_/_/

 :: Spring Boot ::                (v3.4.0)

2026-02-01T11:52:38.012+05:30  INFO 30124 --- [ai-service] [           main] com.cdac.gd.AiServiceApplication         : Starting AiServiceApplication using Java 21.0.9 with PID 30124 (D:\Discoursify_Microservices\backend\ai-service\target\classes started by shivt in D:\Discoursify_Microservices\backend\ai-service)
2026-02-01T11:52:38.013+05:30  INFO 30124 --- [ai-service] [           main] com.cdac.gd.AiServiceApplication         : No active profile set, falling back to 1 default profile: "default"
2026-02-01T11:52:38.633+05:30  INFO 30124 --- [ai-service] [           main] .s.d.r.c.RepositoryConfigurationDelegate : Bootstrapping Spring Data JPA repositories in DEFAULT mode.
2026-02-01T11:52:38.806+05:30  INFO 30124 --- [ai-service] [           main] .s.d.r.c.RepositoryConfigurationDelegate : Finished Spring Data repository scanning in 164 ms. Found 5 JPA repository interfaces.
2026-02-01T11:52:39.039+05:30  INFO 30124 --- [ai-service] [           main] o.s.cloud.context.scope.GenericScope     : BeanFactory id=a44fbb40-aab8-3e08-a775-843306905ebe
2026-02-01T11:52:39.380+05:30  INFO 30124 --- [ai-service] [           main] o.s.b.w.embedded.tomcat.TomcatWebServer  : Tomcat initialized with port 8083 (http)
2026-02-01T11:52:39.397+05:30  INFO 30124 --- [ai-service] [           main] o.apache.catalina.core.StandardService   : Starting service [Tomcat]
2026-02-01T11:52:39.397+05:30  INFO 30124 --- [ai-service] [           main] o.apache.catalina.core.StandardEngine    : Starting Servlet engine: [Apache Tomcat/10.1.33]
2026-02-01T11:52:39.533+05:30  INFO 30124 --- [ai-service] [           main] o.a.c.c.C.[Tomcat].[localhost].[/]       : Initializing Spring embedded WebApplicationContext
2026-02-01T11:52:39.535+05:30  INFO 30124 --- [ai-service] [           main] w.s.c.ServletWebServerApplicationContext : Root WebApplicationContext: initialization completed in 1480 ms
2026-02-01T11:52:39.685+05:30  INFO 30124 --- [ai-service] [           main] o.hibernate.jpa.internal.util.LogHelper  : HHH000204: Processing PersistenceUnitInfo [name: default]
2026-02-01T11:52:39.757+05:30  INFO 30124 --- [ai-service] [           main] org.hibernate.Version                    : HHH000412: Hibernate ORM core version 6.6.2.Final
2026-02-01T11:52:39.799+05:30  INFO 30124 --- [ai-service] [           main] o.h.c.internal.RegionFactoryInitiator    : HHH000026: Second-level cache disabled
2026-02-01T11:52:40.069+05:30  INFO 30124 --- [ai-service] [           main] o.s.o.j.p.SpringPersistenceUnitInfo      : No LoadTimeWeaver setup: ignoring JPA class transformer
2026-02-01T11:52:40.100+05:30  INFO 30124 --- [ai-service] [           main] com.zaxxer.hikari.HikariDataSource       : HikariPool-1 - Starting...
2026-02-01T11:52:40.794+05:30  INFO 30124 --- [ai-service] [           main] com.zaxxer.hikari.pool.HikariPool        : HikariPool-1 - Added connection com.mysql.cj.jdbc.ConnectionImpl@5e681097
2026-02-01T11:52:40.795+05:30  INFO 30124 --- [ai-service] [           main] com.zaxxer.hikari.HikariDataSource       : HikariPool-1 - Start completed.
2026-02-01T11:52:40.883+05:30  INFO 30124 --- [ai-service] [           main] org.hibernate.orm.connections.pooling    : HHH10001005: Database info:
	Database JDBC URL [Connecting through datasource 'HikariDataSource (HikariPool-1)']
	Database driver: undefined/unknown
	Database version: 8.0.42
	Autocommit mode: undefined/unknown
	Isolation level: undefined/unknown
	Minimum pool size: undefined/unknown
	Maximum pool size: undefined/unknown
2026-02-01T11:52:41.727+05:30  INFO 30124 --- [ai-service] [           main] o.h.e.t.j.p.i.JtaPlatformInitiator       : HHH000489: No JTA platform available (set 'hibernate.transaction.jta.platform' to enable JTA platform integration)
Hibernate: create table audit_logs (id bigint not null auto_increment, action varchar(255), admin_email varchar(255), details text, ip_address varchar(255), target_id varchar(255), target_type varchar(255), timestamp datetime(6), primary key (id)) engine=InnoDB
Hibernate: create table reports (id binary(16) not null, content text, created_at datetime(6), session_id binary(16), user_email varchar(255), primary key (id)) engine=InnoDB
Hibernate: create table session_participants (session_id binary(16) not null, email varchar(255), id varchar(255), is_host bit, joined_at datetime(6), name varchar(255), speaking_time bigint) engine=InnoDB
Hibernate: create table session_transcript (session_id binary(16) not null, transcript varchar(255)) engine=InnoDB
Hibernate: create table session_waiting_list (session_id binary(16) not null, email varchar(255), id varchar(255), is_host bit, joined_at datetime(6), name varchar(255), speaking_time bigint) engine=InnoDB
Hibernate: create table sessions (id binary(16) not null, code varchar(255), description text, end_time datetime(6), has_waiting_room bit, host_email varchar(255), host_id varchar(255), host_role varchar(255), max_participants integer, participants_count integer, start_time datetime(6), status varchar(255), time_limit integer, topic varchar(255), type varchar(255), primary key (id)) engine=InnoDB
Hibernate: create table transcriptions (id binary(16) not null, session_id binary(16), speaker_id varchar(255), text text, timestamp datetime(6), primary key (id)) engine=InnoDB
Hibernate: create table users (id bigint not null auto_increment, created_at datetime(6), email varchar(255) not null, email_verified bit, last_login datetime(6), name varchar(255), profile_picture text, role varchar(255), sessions_count integer, status varchar(255), total_participations integer, primary key (id)) engine=InnoDB
Hibernate: alter table users drop index UK6dotkott2kjsp8vw4d0m25fb7
Hibernate: alter table users add constraint UK6dotkott2kjsp8vw4d0m25fb7 unique (email)
Hibernate: alter table session_participants add constraint FKcnrgb2l4q6ou1o9pxj7ie0x35 foreign key (session_id) references sessions (id)
Hibernate: alter table session_transcript add constraint FKd21uaiueeaayw3wble9ap6xrf foreign key (session_id) references sessions (id)
Hibernate: alter table session_waiting_list add constraint FK5w62ksimsfa4e387agnq72qbe foreign key (session_id) references sessions (id)
2026-02-01T11:52:42.314+05:30  INFO 30124 --- [ai-service] [           main] j.LocalContainerEntityManagerFactoryBean : Initialized JPA EntityManagerFactory for persistence unit 'default'
2026-02-01T11:52:42.691+05:30  INFO 30124 --- [ai-service] [           main] o.s.d.j.r.query.QueryEnhancerFactory     : Hibernate is in classpath; If applicable, HQL parser will be used.
2026-02-01T11:52:43.340+05:30  WARN 30124 --- [ai-service] [           main] ConfigServletWebServerApplicationContext : Exception encountered during context initialization - cancelling refresh attempt: org.springframework.beans.factory.UnsatisfiedDependencyException: Error creating bean with name 'kafkaConsumerService': Unsatisfied dependency expressed through field 'messagingTemplate': No qualifying bean of type 'org.springframework.messaging.simp.SimpMessagingTemplate' available: expected at least 1 bean which qualifies as autowire candidate. Dependency annotations: {@org.springframework.beans.factory.annotation.Autowired(required=true)}
2026-02-01T11:52:43.340+05:30  INFO 30124 --- [ai-service] [           main] j.LocalContainerEntityManagerFactoryBean : Closing JPA EntityManagerFactory for persistence unit 'default'
2026-02-01T11:52:43.342+05:30  INFO 30124 --- [ai-service] [           main] com.zaxxer.hikari.HikariDataSource       : HikariPool-1 - Shutdown initiated...
2026-02-01T11:52:43.348+05:30  INFO 30124 --- [ai-service] [           main] com.zaxxer.hikari.HikariDataSource       : HikariPool-1 - Shutdown completed.
2026-02-01T11:52:43.350+05:30  INFO 30124 --- [ai-service] [           main] o.apache.catalina.core.StandardService   : Stopping service [Tomcat]
2026-02-01T11:52:43.360+05:30  INFO 30124 --- [ai-service] [           main] .s.b.a.l.ConditionEvaluationReportLogger : 

Error starting ApplicationContext. To display the condition evaluation report re-run your application with 'debug' enabled.
2026-02-01T11:52:43.378+05:30 ERROR 30124 --- [ai-service] [           main] o.s.b.d.LoggingFailureAnalysisReporter   : 

***************************
APPLICATION FAILED TO START
***************************

Description:

Field messagingTemplate in com.cdac.gd.service.KafkaConsumerService required a bean of type 'org.springframework.messaging.simp.SimpMessagingTemplate' that could not be found.

The injection point has the following annotations:
	- @org.springframework.beans.factory.annotation.Autowired(required=true)


Action:

Consider defining a bean of type 'org.springframework.messaging.simp.SimpMessagingTemplate' in your configuration.

[INFO] ------------------------------------------------------------------------
[INFO] BUILD FAILURE
[INFO] ------------------------------------------------------------------------
[INFO] Total time:  8.836 s
[INFO] Finished at: 2026-02-01T11:52:43+05:30
[INFO] ------------------------------------------------------------------------
[ERROR] Failed to execute goal org.springframework.boot:spring-boot-maven-plugin:3.4.0:run (default-cli) on project ai-service: Process terminated with exit code: 1 -> [Help 1]
[ERROR] 
[ERROR] To see the full stack trace of the errors, re-run Maven with the -e switch.
[ERROR] Re-run Maven using the -X switch to enable full debug logging.
[ERROR] 
[ERROR] For more information about the errors and possible solutions, please read the following articles:
[ERROR] [Help 1] http://cwiki.apache.org/confluence/display/MAVEN/MojoExecutionException
